<?xml version="1.0" encoding="UTF-8"?>
<testng-results ignored="0" total="7" passed="7" failed="0" skipped="0">
  <reporter-output>
  </reporter-output>
  <suite started-at="2022-12-27T18:21:34 WIB" name="Default suite" finished-at="2022-12-27T18:22:35 WIB" duration-ms="60911">
    <groups>
      <group name="cucumber">
        <method signature="AbstractTestNGCucumberTests.runScenario(io.cucumber.testng.PickleWrapper,io.cucumber.testng.FeatureWrapper)[pri:0, instance:com.juaracoding.cucumber.step_definitions.RunnerTest@a530d0a]" name="runScenario" class="io.cucumber.testng.AbstractTestNGCucumberTests"/>
      </group> <!-- cucumber -->
    </groups>
    <test started-at="2022-12-27T18:21:34 WIB" name="Default test" finished-at="2022-12-27T18:22:35 WIB" duration-ms="60911">
      <class name="com.juaracoding.cucumber.step_definitions.RunnerTest">
        <test-method is-config="true" signature="setUpClass(org.testng.ITestContext)[pri:0, instance:com.juaracoding.cucumber.step_definitions.RunnerTest@a530d0a]" started-at="2022-12-27T18:21:34 WIB" name="setUpClass" finished-at="2022-12-27T18:21:35 WIB" duration-ms="1011" status="PASS">
          <params>
            <param index="0">
              <value>
                <![CDATA[org.testng.TestRunner@4052b19f]]>
              </value>
            </param>
          </params>
          <reporter-output>
          </reporter-output>
        </test-method> <!-- setUpClass -->
        <test-method signature="runScenario(io.cucumber.testng.PickleWrapper,io.cucumber.testng.FeatureWrapper)[pri:0, instance:com.juaracoding.cucumber.step_definitions.RunnerTest@a530d0a]" started-at="2022-12-27T18:21:35 WIB" name="runScenario" description="Runs Cucumber Scenarios" data-provider="scenarios" finished-at="2022-12-27T18:21:50 WIB" duration-ms="15534" status="PASS">
          <params>
            <param index="0">
              <value>
                <![CDATA["Tampilan Form Testimonial"]]>
              </value>
            </param>
            <param index="1">
              <value>
                <![CDATA["Form Testimonial"]]>
              </value>
            </param>
          </params>
          <reporter-output>
          </reporter-output>
        </test-method> <!-- runScenario -->
        <test-method signature="runScenario(io.cucumber.testng.PickleWrapper,io.cucumber.testng.FeatureWrapper)[pri:0, instance:com.juaracoding.cucumber.step_definitions.RunnerTest@a530d0a]" started-at="2022-12-27T18:21:50 WIB" name="runScenario" description="Runs Cucumber Scenarios" data-provider="scenarios" finished-at="2022-12-27T18:21:57 WIB" duration-ms="6703" status="PASS">
          <params>
            <param index="0">
              <value>
                <![CDATA["Tambah Testimonial null"]]>
              </value>
            </param>
            <param index="1">
              <value>
                <![CDATA["Form Testimonial"]]>
              </value>
            </param>
          </params>
          <reporter-output>
          </reporter-output>
        </test-method> <!-- runScenario -->
        <test-method signature="runScenario(io.cucumber.testng.PickleWrapper,io.cucumber.testng.FeatureWrapper)[pri:0, instance:com.juaracoding.cucumber.step_definitions.RunnerTest@a530d0a]" started-at="2022-12-27T18:21:57 WIB" name="runScenario" description="Runs Cucumber Scenarios" data-provider="scenarios" finished-at="2022-12-27T18:22:04 WIB" duration-ms="6689" status="PASS">
          <params>
            <param index="0">
              <value>
                <![CDATA["Tambah Testimonial nama dan content null"]]>
              </value>
            </param>
            <param index="1">
              <value>
                <![CDATA["Form Testimonial"]]>
              </value>
            </param>
          </params>
          <reporter-output>
          </reporter-output>
        </test-method> <!-- runScenario -->
        <test-method signature="runScenario(io.cucumber.testng.PickleWrapper,io.cucumber.testng.FeatureWrapper)[pri:0, instance:com.juaracoding.cucumber.step_definitions.RunnerTest@a530d0a]" started-at="2022-12-27T18:22:04 WIB" name="runScenario" description="Runs Cucumber Scenarios" data-provider="scenarios" finished-at="2022-12-27T18:22:11 WIB" duration-ms="6749" status="PASS">
          <params>
            <param index="0">
              <value>
                <![CDATA["Tambah Testimonial content null"]]>
              </value>
            </param>
            <param index="1">
              <value>
                <![CDATA["Form Testimonial"]]>
              </value>
            </param>
          </params>
          <reporter-output>
          </reporter-output>
        </test-method> <!-- runScenario -->
        <test-method signature="runScenario(io.cucumber.testng.PickleWrapper,io.cucumber.testng.FeatureWrapper)[pri:0, instance:com.juaracoding.cucumber.step_definitions.RunnerTest@a530d0a]" started-at="2022-12-27T18:22:11 WIB" name="runScenario" description="Runs Cucumber Scenarios" data-provider="scenarios" finished-at="2022-12-27T18:22:17 WIB" duration-ms="6743" status="PASS">
          <params>
            <param index="0">
              <value>
                <![CDATA["Tambah Testimonial nama null"]]>
              </value>
            </param>
            <param index="1">
              <value>
                <![CDATA["Form Testimonial"]]>
              </value>
            </param>
          </params>
          <reporter-output>
          </reporter-output>
        </test-method> <!-- runScenario -->
        <test-method signature="runScenario(io.cucumber.testng.PickleWrapper,io.cucumber.testng.FeatureWrapper)[pri:0, instance:com.juaracoding.cucumber.step_definitions.RunnerTest@a530d0a]" started-at="2022-12-27T18:22:17 WIB" name="runScenario" description="Runs Cucumber Scenarios" data-provider="scenarios" finished-at="2022-12-27T18:22:23 WIB" duration-ms="5734" status="PASS">
          <params>
            <param index="0">
              <value>
                <![CDATA["Tambah Testimonial foto null"]]>
              </value>
            </param>
            <param index="1">
              <value>
                <![CDATA["Form Testimonial"]]>
              </value>
            </param>
          </params>
          <reporter-output>
          </reporter-output>
        </test-method> <!-- runScenario -->
        <test-method signature="runScenario(io.cucumber.testng.PickleWrapper,io.cucumber.testng.FeatureWrapper)[pri:0, instance:com.juaracoding.cucumber.step_definitions.RunnerTest@a530d0a]" started-at="2022-12-27T18:22:23 WIB" name="runScenario" description="Runs Cucumber Scenarios" data-provider="scenarios" finished-at="2022-12-27T18:22:31 WIB" duration-ms="7636" status="PASS">
          <params>
            <param index="0">
              <value>
                <![CDATA["Tambah Testimonial foto pdf"]]>
              </value>
            </param>
            <param index="1">
              <value>
                <![CDATA["Form Testimonial"]]>
              </value>
            </param>
          </params>
          <reporter-output>
          </reporter-output>
        </test-method> <!-- runScenario -->
        <test-method is-config="true" signature="tearDownClass()[pri:0, instance:com.juaracoding.cucumber.step_definitions.RunnerTest@a530d0a]" started-at="2022-12-27T18:22:31 WIB" name="tearDownClass" finished-at="2022-12-27T18:22:35 WIB" duration-ms="4036" status="PASS">
          <reporter-output>
          </reporter-output>
        </test-method> <!-- tearDownClass -->
      </class> <!-- com.juaracoding.cucumber.step_definitions.RunnerTest -->
    </test> <!-- Default test -->
  </suite> <!-- Default suite -->
</testng-results>
